[debug] [2018-10-24T21:48:59.403Z] ----------------------------------------------------------------------
[debug] [2018-10-24T21:48:59.405Z] Command:       /usr/local/bin/node /usr/local/bin/firebase deploy
[debug] [2018-10-24T21:48:59.405Z] CLI Version:   5.1.1
[debug] [2018-10-24T21:48:59.405Z] Platform:      darwin
[debug] [2018-10-24T21:48:59.405Z] Node Version:  v8.11.2
[debug] [2018-10-24T21:48:59.405Z] Time:          Wed Oct 24 2018 14:48:59 GMT-0700 (PDT)
[debug] [2018-10-24T21:48:59.405Z] ----------------------------------------------------------------------
[debug] 
[debug] [2018-10-24T21:48:59.413Z] > command requires scopes: ["email","openid","https://www.googleapis.com/auth/cloudplatformprojects.readonly","https://www.googleapis.com/auth/firebase","https://www.googleapis.com/auth/cloud-platform"]
[debug] [2018-10-24T21:48:59.413Z] > authorizing via signed-in user
[debug] [2018-10-24T21:48:59.413Z] [iam] checking project thinkgeek-clone for permissions ["firebase.projects.get","firebasehosting.sites.update"]
[debug] [2018-10-24T21:48:59.415Z] > refreshing access token with scopes: ["email","https://www.googleapis.com/auth/cloud-platform","https://www.googleapis.com/auth/cloudplatformprojects.readonly","https://www.googleapis.com/auth/firebase","openid"]
[debug] [2018-10-24T21:48:59.415Z] >>> HTTP REQUEST POST https://www.googleapis.com/oauth2/v3/token  
 <request body omitted>
[debug] [2018-10-24T21:48:59.531Z] <<< HTTP RESPONSE 200
[debug] [2018-10-24T21:48:59.581Z] >>> HTTP REQUEST POST https://cloudresourcemanager.googleapis.com/v1/projects/thinkgeek-clone:testIamPermissions  

[debug] [2018-10-24T21:48:59.716Z] <<< HTTP RESPONSE 200
[debug] [2018-10-24T21:48:59.717Z] >>> HTTP REQUEST GET https://firebase.googleapis.com/v1beta1/projects/thinkgeek-clone  
 
[debug] [2018-10-24T21:48:59.873Z] <<< HTTP RESPONSE 200
[info] 
[info] === Deploying to 'thinkgeek-clone'...
[info] 
[info] i  deploying hosting
[debug] [2018-10-24T21:48:59.876Z] >>> HTTP REQUEST POST https://firebasehosting.googleapis.com/v1beta1/sites/thinkgeek-clone/versions  

[debug] [2018-10-24T21:49:00.311Z] <<< HTTP RESPONSE 500
[debug] [2018-10-24T21:49:00.312Z] <<< HTTP RESPONSE BODY
[error] 
[error] Error: HTTP Error: 500, Internal error encountered.
[debug] [2018-10-24T21:49:00.362Z] Error Context: {
  "body": {
    "error": {
      "code": 500,
      "message": "Internal error encountered.",
      "status": "INTERNAL"
    }
  },
  "response": {
    "statusCode": 500,
    "body": {
      "error": {
        "code": 500,
        "message": "Internal error encountered.",
        "status": "INTERNAL"
      }
    },
    "headers": {
      "vary": "X-Origin, Referer, Origin,Accept-Encoding",
      "content-type": "application/json; charset=UTF-8",
      "date": "Wed, 24 Oct 2018 21:49:00 GMT",
      "server": "ESF",
      "cache-control": "private",
      "x-xss-protection": "1; mode=block",
      "x-frame-options": "SAMEORIGIN",
      "x-content-type-options": "nosniff",
      "alt-svc": "quic=\":443\"; ma=2592000; v=\"44,43,39,35\"",
      "accept-ranges": "none",
      "connection": "close"
    },
    "request": {
      "uri": {
        "protocol": "https:",
        "slashes": true,
        "auth": null,
        "host": "firebasehosting.googleapis.com",
        "port": 443,
        "hostname": "firebasehosting.googleapis.com",
        "hash": null,
        "search": null,
        "query": null,
        "pathname": "/v1beta1/sites/thinkgeek-clone/versions",
        "path": "/v1beta1/sites/thinkgeek-clone/versions",
        "href": "https://firebasehosting.googleapis.com/v1beta1/sites/thinkgeek-clone/versions"
      },
      "method": "POST"
    }
  }
}
[debug] [2018-10-24T21:49:06.068Z] ----------------------------------------------------------------------
[debug] [2018-10-24T21:49:06.070Z] Command:       /usr/local/bin/node /usr/local/bin/firebase deploy
[debug] [2018-10-24T21:49:06.070Z] CLI Version:   5.1.1
[debug] [2018-10-24T21:49:06.070Z] Platform:      darwin
[debug] [2018-10-24T21:49:06.070Z] Node Version:  v8.11.2
[debug] [2018-10-24T21:49:06.071Z] Time:          Wed Oct 24 2018 14:49:06 GMT-0700 (PDT)
[debug] [2018-10-24T21:49:06.071Z] ----------------------------------------------------------------------
[debug] 
[debug] [2018-10-24T21:49:06.078Z] > command requires scopes: ["email","openid","https://www.googleapis.com/auth/cloudplatformprojects.readonly","https://www.googleapis.com/auth/firebase","https://www.googleapis.com/auth/cloud-platform"]
[debug] [2018-10-24T21:49:06.078Z] > authorizing via signed-in user
[debug] [2018-10-24T21:49:06.078Z] [iam] checking project thinkgeek-clone for permissions ["firebase.projects.get","firebasehosting.sites.update"]
[debug] [2018-10-24T21:49:06.080Z] >>> HTTP REQUEST POST https://cloudresourcemanager.googleapis.com/v1/projects/thinkgeek-clone:testIamPermissions  

[debug] [2018-10-24T21:49:06.215Z] <<< HTTP RESPONSE 200
[debug] [2018-10-24T21:49:06.216Z] >>> HTTP REQUEST GET https://firebase.googleapis.com/v1beta1/projects/thinkgeek-clone  
 
[debug] [2018-10-24T21:49:06.346Z] <<< HTTP RESPONSE 200
[info] 
[info] === Deploying to 'thinkgeek-clone'...
[info] 
[info] i  deploying hosting
[debug] [2018-10-24T21:49:06.349Z] >>> HTTP REQUEST POST https://firebasehosting.googleapis.com/v1beta1/sites/thinkgeek-clone/versions  

[debug] [2018-10-24T21:49:06.777Z] <<< HTTP RESPONSE 500
[debug] [2018-10-24T21:49:06.777Z] <<< HTTP RESPONSE BODY
[error] 
[error] Error: HTTP Error: 500, Internal error encountered.
[debug] [2018-10-24T21:49:06.827Z] Error Context: {
  "body": {
    "error": {
      "code": 500,
      "message": "Internal error encountered.",
      "status": "INTERNAL"
    }
  },
  "response": {
    "statusCode": 500,
    "body": {
      "error": {
        "code": 500,
        "message": "Internal error encountered.",
        "status": "INTERNAL"
      }
    },
    "headers": {
      "vary": "X-Origin, Referer, Origin,Accept-Encoding",
      "content-type": "application/json; charset=UTF-8",
      "date": "Wed, 24 Oct 2018 21:49:07 GMT",
      "server": "ESF",
      "cache-control": "private",
      "x-xss-protection": "1; mode=block",
      "x-frame-options": "SAMEORIGIN",
      "x-content-type-options": "nosniff",
      "alt-svc": "quic=\":443\"; ma=2592000; v=\"44,43,39,35\"",
      "accept-ranges": "none",
      "connection": "close"
    },
    "request": {
      "uri": {
        "protocol": "https:",
        "slashes": true,
        "auth": null,
        "host": "firebasehosting.googleapis.com",
        "port": 443,
        "hostname": "firebasehosting.googleapis.com",
        "hash": null,
        "search": null,
        "query": null,
        "pathname": "/v1beta1/sites/thinkgeek-clone/versions",
        "path": "/v1beta1/sites/thinkgeek-clone/versions",
        "href": "https://firebasehosting.googleapis.com/v1beta1/sites/thinkgeek-clone/versions"
      },
      "method": "POST"
    }
  }
}
[debug] [2018-10-24T21:49:11.694Z] ----------------------------------------------------------------------
[debug] [2018-10-24T21:49:11.696Z] Command:       /usr/local/bin/node /usr/local/bin/firebase deploy
[debug] [2018-10-24T21:49:11.696Z] CLI Version:   5.1.1
[debug] [2018-10-24T21:49:11.696Z] Platform:      darwin
[debug] [2018-10-24T21:49:11.696Z] Node Version:  v8.11.2
[debug] [2018-10-24T21:49:11.696Z] Time:          Wed Oct 24 2018 14:49:11 GMT-0700 (PDT)
[debug] [2018-10-24T21:49:11.696Z] ----------------------------------------------------------------------
[debug] 
[debug] [2018-10-24T21:49:11.704Z] > command requires scopes: ["email","openid","https://www.googleapis.com/auth/cloudplatformprojects.readonly","https://www.googleapis.com/auth/firebase","https://www.googleapis.com/auth/cloud-platform"]
[debug] [2018-10-24T21:49:11.704Z] > authorizing via signed-in user
[debug] [2018-10-24T21:49:11.704Z] [iam] checking project thinkgeek-clone for permissions ["firebase.projects.get","firebasehosting.sites.update"]
[debug] [2018-10-24T21:49:11.706Z] >>> HTTP REQUEST POST https://cloudresourcemanager.googleapis.com/v1/projects/thinkgeek-clone:testIamPermissions  

[debug] [2018-10-24T21:49:11.844Z] <<< HTTP RESPONSE 200
[debug] [2018-10-24T21:49:11.845Z] >>> HTTP REQUEST GET https://firebase.googleapis.com/v1beta1/projects/thinkgeek-clone  
 
[debug] [2018-10-24T21:49:11.985Z] <<< HTTP RESPONSE 200
[info] 
[info] === Deploying to 'thinkgeek-clone'...
[info] 
[info] i  deploying hosting
[debug] [2018-10-24T21:49:11.988Z] >>> HTTP REQUEST POST https://firebasehosting.googleapis.com/v1beta1/sites/thinkgeek-clone/versions  

[debug] [2018-10-24T21:49:12.397Z] <<< HTTP RESPONSE 500
[debug] [2018-10-24T21:49:12.397Z] <<< HTTP RESPONSE BODY
[error] 
[error] Error: HTTP Error: 500, Internal error encountered.
[debug] [2018-10-24T21:49:12.446Z] Error Context: {
  "body": {
    "error": {
      "code": 500,
      "message": "Internal error encountered.",
      "status": "INTERNAL"
    }
  },
  "response": {
    "statusCode": 500,
    "body": {
      "error": {
        "code": 500,
        "message": "Internal error encountered.",
        "status": "INTERNAL"
      }
    },
    "headers": {
      "vary": "X-Origin, Referer, Origin,Accept-Encoding",
      "content-type": "application/json; charset=UTF-8",
      "date": "Wed, 24 Oct 2018 21:49:12 GMT",
      "server": "ESF",
      "cache-control": "private",
      "x-xss-protection": "1; mode=block",
      "x-frame-options": "SAMEORIGIN",
      "x-content-type-options": "nosniff",
      "alt-svc": "quic=\":443\"; ma=2592000; v=\"44,43,39,35\"",
      "accept-ranges": "none",
      "connection": "close"
    },
    "request": {
      "uri": {
        "protocol": "https:",
        "slashes": true,
        "auth": null,
        "host": "firebasehosting.googleapis.com",
        "port": 443,
        "hostname": "firebasehosting.googleapis.com",
        "hash": null,
        "search": null,
        "query": null,
        "pathname": "/v1beta1/sites/thinkgeek-clone/versions",
        "path": "/v1beta1/sites/thinkgeek-clone/versions",
        "href": "https://firebasehosting.googleapis.com/v1beta1/sites/thinkgeek-clone/versions"
      },
      "method": "POST"
    }
  }
}
[debug] [2018-10-24T21:49:15.156Z] ----------------------------------------------------------------------
[debug] [2018-10-24T21:49:15.158Z] Command:       /usr/local/bin/node /usr/local/bin/firebase deploy
[debug] [2018-10-24T21:49:15.158Z] CLI Version:   5.1.1
[debug] [2018-10-24T21:49:15.159Z] Platform:      darwin
[debug] [2018-10-24T21:49:15.159Z] Node Version:  v8.11.2
[debug] [2018-10-24T21:49:15.159Z] Time:          Wed Oct 24 2018 14:49:15 GMT-0700 (PDT)
[debug] [2018-10-24T21:49:15.159Z] ----------------------------------------------------------------------
[debug] 
[debug] [2018-10-24T21:49:15.166Z] > command requires scopes: ["email","openid","https://www.googleapis.com/auth/cloudplatformprojects.readonly","https://www.googleapis.com/auth/firebase","https://www.googleapis.com/auth/cloud-platform"]
[debug] [2018-10-24T21:49:15.166Z] > authorizing via signed-in user
[debug] [2018-10-24T21:49:15.167Z] [iam] checking project thinkgeek-clone for permissions ["firebase.projects.get","firebasehosting.sites.update"]
[debug] [2018-10-24T21:49:15.168Z] >>> HTTP REQUEST POST https://cloudresourcemanager.googleapis.com/v1/projects/thinkgeek-clone:testIamPermissions  

[debug] [2018-10-24T21:49:15.763Z] <<< HTTP RESPONSE 200
[debug] [2018-10-24T21:49:15.764Z] >>> HTTP REQUEST GET https://firebase.googleapis.com/v1beta1/projects/thinkgeek-clone  
 
[debug] [2018-10-24T21:49:15.887Z] <<< HTTP RESPONSE 200
[info] 
[info] === Deploying to 'thinkgeek-clone'...
[info] 
[info] i  deploying hosting
[debug] [2018-10-24T21:49:15.890Z] >>> HTTP REQUEST POST https://firebasehosting.googleapis.com/v1beta1/sites/thinkgeek-clone/versions  

[debug] [2018-10-24T21:49:16.532Z] <<< HTTP RESPONSE 500
[debug] [2018-10-24T21:49:16.533Z] <<< HTTP RESPONSE BODY
[error] 
[error] Error: HTTP Error: 500, Internal error encountered.
[debug] [2018-10-24T21:49:16.581Z] Error Context: {
  "body": {
    "error": {
      "code": 500,
      "message": "Internal error encountered.",
      "status": "INTERNAL"
    }
  },
  "response": {
    "statusCode": 500,
    "body": {
      "error": {
        "code": 500,
        "message": "Internal error encountered.",
        "status": "INTERNAL"
      }
    },
    "headers": {
      "vary": "X-Origin, Referer, Origin,Accept-Encoding",
      "content-type": "application/json; charset=UTF-8",
      "date": "Wed, 24 Oct 2018 21:49:16 GMT",
      "server": "ESF",
      "cache-control": "private",
      "x-xss-protection": "1; mode=block",
      "x-frame-options": "SAMEORIGIN",
      "x-content-type-options": "nosniff",
      "alt-svc": "quic=\":443\"; ma=2592000; v=\"44,43,39,35\"",
      "accept-ranges": "none",
      "connection": "close"
    },
    "request": {
      "uri": {
        "protocol": "https:",
        "slashes": true,
        "auth": null,
        "host": "firebasehosting.googleapis.com",
        "port": 443,
        "hostname": "firebasehosting.googleapis.com",
        "hash": null,
        "search": null,
        "query": null,
        "pathname": "/v1beta1/sites/thinkgeek-clone/versions",
        "path": "/v1beta1/sites/thinkgeek-clone/versions",
        "href": "https://firebasehosting.googleapis.com/v1beta1/sites/thinkgeek-clone/versions"
      },
      "method": "POST"
    }
  }
}
[debug] [2018-10-24T23:23:11.375Z] ----------------------------------------------------------------------
[debug] [2018-10-24T23:23:11.377Z] Command:       /usr/local/bin/node /usr/local/bin/firebase deploy
[debug] [2018-10-24T23:23:11.377Z] CLI Version:   5.1.1
[debug] [2018-10-24T23:23:11.378Z] Platform:      darwin
[debug] [2018-10-24T23:23:11.378Z] Node Version:  v8.11.2
[debug] [2018-10-24T23:23:11.378Z] Time:          Wed Oct 24 2018 16:23:11 GMT-0700 (PDT)
[debug] [2018-10-24T23:23:11.378Z] ----------------------------------------------------------------------
[debug] 
[debug] [2018-10-24T23:23:11.387Z] > command requires scopes: ["email","openid","https://www.googleapis.com/auth/cloudplatformprojects.readonly","https://www.googleapis.com/auth/firebase","https://www.googleapis.com/auth/cloud-platform"]
[debug] [2018-10-24T23:23:11.387Z] > authorizing via signed-in user
[debug] [2018-10-24T23:23:11.387Z] [iam] checking project thinkgeek-clone for permissions ["firebase.projects.get","firebasedatabase.instances.update","firebasehosting.sites.update"]
[debug] [2018-10-24T23:23:11.388Z] > refreshing access token with scopes: ["email","https://www.googleapis.com/auth/cloud-platform","https://www.googleapis.com/auth/cloudplatformprojects.readonly","https://www.googleapis.com/auth/firebase","openid"]
[debug] [2018-10-24T23:23:11.389Z] >>> HTTP REQUEST POST https://www.googleapis.com/oauth2/v3/token  
 <request body omitted>
[debug] [2018-10-24T23:23:11.603Z] <<< HTTP RESPONSE 200
[debug] [2018-10-24T23:23:11.643Z] >>> HTTP REQUEST POST https://cloudresourcemanager.googleapis.com/v1/projects/thinkgeek-clone:testIamPermissions  

[debug] [2018-10-24T23:23:11.775Z] <<< HTTP RESPONSE 200
[debug] [2018-10-24T23:23:11.776Z] >>> HTTP REQUEST GET https://firebase.googleapis.com/v1beta1/projects/thinkgeek-clone  
 
[debug] [2018-10-24T23:23:11.933Z] <<< HTTP RESPONSE 200
[info] 
[info] === Deploying to 'thinkgeek-clone'...
[info] 
[info] i  deploying database, hosting
[debug] [2018-10-24T23:23:11.987Z] Error: ENOENT: no such file or directory, open '/Users/Guest/Desktop/think-geek-clone/database.rules.json'
    at Object.fs.openSync (fs.js:646:18)
    at Object.fs.readFileSync (fs.js:551:33)
    at Config.readProjectFile (/usr/local/lib/node_modules/firebase-tools/lib/config.js:176:22)
    at /usr/local/lib/node_modules/firebase-tools/lib/deploy/database/prepare.js:52:42
    at /usr/local/lib/node_modules/firebase-tools/node_modules/lodash/lodash.js:4911:15
    at baseForOwn (/usr/local/lib/node_modules/firebase-tools/node_modules/lodash/lodash.js:2996:24)
    at /usr/local/lib/node_modules/firebase-tools/node_modules/lodash/lodash.js:4880:18
    at Function.forEach (/usr/local/lib/node_modules/firebase-tools/node_modules/lodash/lodash.js:9344:14)
    at module.exports (/usr/local/lib/node_modules/firebase-tools/lib/deploy/database/prepare.js:49:5)
    at _chain (/usr/local/lib/node_modules/firebase-tools/lib/deploy/index.js:26:38)
[error] 
[error] Error: An unexpected error has occurred.
[debug] [2018-10-24T23:23:17.193Z] ----------------------------------------------------------------------
[debug] [2018-10-24T23:23:17.195Z] Command:       /usr/local/bin/node /usr/local/bin/firebase deploy
[debug] [2018-10-24T23:23:17.195Z] CLI Version:   5.1.1
[debug] [2018-10-24T23:23:17.195Z] Platform:      darwin
[debug] [2018-10-24T23:23:17.195Z] Node Version:  v8.11.2
[debug] [2018-10-24T23:23:17.195Z] Time:          Wed Oct 24 2018 16:23:17 GMT-0700 (PDT)
[debug] [2018-10-24T23:23:17.195Z] ----------------------------------------------------------------------
[debug] 
[debug] [2018-10-24T23:23:17.203Z] > command requires scopes: ["email","openid","https://www.googleapis.com/auth/cloudplatformprojects.readonly","https://www.googleapis.com/auth/firebase","https://www.googleapis.com/auth/cloud-platform"]
[debug] [2018-10-24T23:23:17.203Z] > authorizing via signed-in user
[debug] [2018-10-24T23:23:17.203Z] [iam] checking project thinkgeek-clone for permissions ["firebase.projects.get","firebasedatabase.instances.update","firebasehosting.sites.update"]
[debug] [2018-10-24T23:23:17.205Z] >>> HTTP REQUEST POST https://cloudresourcemanager.googleapis.com/v1/projects/thinkgeek-clone:testIamPermissions  

[debug] [2018-10-24T23:23:17.342Z] <<< HTTP RESPONSE 200
[debug] [2018-10-24T23:23:17.343Z] >>> HTTP REQUEST GET https://firebase.googleapis.com/v1beta1/projects/thinkgeek-clone  
 
[debug] [2018-10-24T23:23:17.482Z] <<< HTTP RESPONSE 200
[info] 
[info] === Deploying to 'thinkgeek-clone'...
[info] 
[info] i  deploying database, hosting
[debug] [2018-10-24T23:23:17.534Z] Error: ENOENT: no such file or directory, open '/Users/Guest/Desktop/think-geek-clone/database.rules.json'
    at Object.fs.openSync (fs.js:646:18)
    at Object.fs.readFileSync (fs.js:551:33)
    at Config.readProjectFile (/usr/local/lib/node_modules/firebase-tools/lib/config.js:176:22)
    at /usr/local/lib/node_modules/firebase-tools/lib/deploy/database/prepare.js:52:42
    at /usr/local/lib/node_modules/firebase-tools/node_modules/lodash/lodash.js:4911:15
    at baseForOwn (/usr/local/lib/node_modules/firebase-tools/node_modules/lodash/lodash.js:2996:24)
    at /usr/local/lib/node_modules/firebase-tools/node_modules/lodash/lodash.js:4880:18
    at Function.forEach (/usr/local/lib/node_modules/firebase-tools/node_modules/lodash/lodash.js:9344:14)
    at module.exports (/usr/local/lib/node_modules/firebase-tools/lib/deploy/database/prepare.js:49:5)
    at _chain (/usr/local/lib/node_modules/firebase-tools/lib/deploy/index.js:26:38)
[error] 
[error] Error: An unexpected error has occurred.
